[debug] [2025-04-27T08:46:11.637Z] ----------------------------------------------------------------------
[debug] [2025-04-27T08:46:11.640Z] Command:       C:\Program Files\nodejs\node.exe C:\Users\user\AppData\Roaming\npm\node_modules\firebase-tools\lib\bin\firebase.js init
[debug] [2025-04-27T08:46:11.640Z] CLI Version:   14.2.1
[debug] [2025-04-27T08:46:11.640Z] Platform:      win32
[debug] [2025-04-27T08:46:11.640Z] Node Version:  v22.14.0
[debug] [2025-04-27T08:46:11.641Z] Time:          Sun Apr 27 2025 11:46:11 GMT+0300 (Восточная Европа, летнее время)
[debug] [2025-04-27T08:46:11.641Z] ----------------------------------------------------------------------
[debug] 
[debug] [2025-04-27T08:46:11.644Z] >>> [apiv2][query] GET https://firebase-public.firebaseio.com/cli.json [none]
[debug] [2025-04-27T08:46:11.685Z] > command requires scopes: ["email","openid","https://www.googleapis.com/auth/cloudplatformprojects.readonly","https://www.googleapis.com/auth/firebase","https://www.googleapis.com/auth/cloud-platform"]
[debug] [2025-04-27T08:46:11.686Z] > authorizing via signed-in user (denkaprodenka@gmail.com)
[info] 
     ######## #### ########  ######## ########     ###     ######  ########
     ##        ##  ##     ## ##       ##     ##  ##   ##  ##       ##
     ######    ##  ########  ######   ########  #########  ######  ######
     ##        ##  ##    ##  ##       ##     ## ##     ##       ## ##
     ##       #### ##     ## ######## ########  ##     ##  ######  ########

You're about to initialize a Firebase project in this directory:

  E:\public

[debug] [2025-04-27T08:46:12.035Z] <<< [apiv2][status] GET https://firebase-public.firebaseio.com/cli.json 200
[debug] [2025-04-27T08:46:12.035Z] <<< [apiv2][body] GET https://firebase-public.firebaseio.com/cli.json {"cloudBuildErrorAfter":1594252800000,"cloudBuildWarnAfter":1590019200000,"defaultNode10After":1594252800000,"minVersion":"3.0.5","node8DeploysDisabledAfter":1613390400000,"node8RuntimeDisabledAfter":1615809600000,"node8WarnAfter":1600128000000}
[info] 
=== Project Setup
[info] 
[info] First, let's associate this project directory with a Firebase project.
[info] You can create multiple project aliases by running firebase use --add, 
[info] but for now we'll just set up a default project.
[info] 
[debug] [2025-04-27T08:47:17.436Z] Checked if tokens are valid: false, expires at: 1743716177710
[debug] [2025-04-27T08:47:17.436Z] Checked if tokens are valid: false, expires at: 1743716177710
[debug] [2025-04-27T08:47:17.436Z] > refreshing access token with scopes: []
[debug] [2025-04-27T08:47:17.437Z] >>> [apiv2][query] POST https://www.googleapis.com/oauth2/v3/token [none]
[debug] [2025-04-27T08:47:17.437Z] >>> [apiv2][body] POST https://www.googleapis.com/oauth2/v3/token [omitted]
[debug] [2025-04-27T08:47:17.580Z] <<< [apiv2][status] POST https://www.googleapis.com/oauth2/v3/token 200
[debug] [2025-04-27T08:47:17.580Z] <<< [apiv2][body] POST https://www.googleapis.com/oauth2/v3/token [omitted]
[debug] [2025-04-27T08:47:17.589Z] >>> [apiv2][query] GET https://firebase.googleapis.com/v1beta1/projects pageSize=100
[debug] [2025-04-27T08:47:18.040Z] <<< [apiv2][status] GET https://firebase.googleapis.com/v1beta1/projects 200
[debug] [2025-04-27T08:47:18.040Z] <<< [apiv2][body] GET https://firebase.googleapis.com/v1beta1/projects [omitted]
[info] i  Using project tours-87214 (Tours) 
[info] 
=== Apphosting Setup
[debug] [2025-04-27T08:47:23.013Z] Checked if tokens are valid: true, expires at: 1745747236581
[debug] [2025-04-27T08:47:23.013Z] Checked if tokens are valid: true, expires at: 1745747236581
[debug] [2025-04-27T08:47:23.013Z] >>> [apiv2][query] GET https://cloudbilling.googleapis.com/v1/projects/tours-87214/billingInfo [none]
[debug] [2025-04-27T08:47:23.887Z] <<< [apiv2][status] GET https://cloudbilling.googleapis.com/v1/projects/tours-87214/billingInfo 200
[debug] [2025-04-27T08:47:23.887Z] <<< [apiv2][body] GET https://cloudbilling.googleapis.com/v1/projects/tours-87214/billingInfo {"name":"projects/tours-87214/billingInfo","projectId":"tours-87214","billingAccountName":"","billingEnabled":false}
[info] i  Writing default settings to apphosting.yaml... 
[info] +  Wrote apphosting.yaml 
[info] +  Create a new App Hosting backend with `firebase apphosting:backends:create` 
[info] 
=== Hosting Setup
[debug] [2025-04-27T08:47:23.892Z] Checked if tokens are valid: true, expires at: 1745747236581
[debug] [2025-04-27T08:47:23.892Z] Checked if tokens are valid: true, expires at: 1745747236581
[debug] [2025-04-27T08:47:23.893Z] >>> [apiv2][query] GET https://firebase.googleapis.com/v1beta1/projects/tours-87214 [none]
[debug] [2025-04-27T08:47:24.208Z] <<< [apiv2][status] GET https://firebase.googleapis.com/v1beta1/projects/tours-87214 200
[debug] [2025-04-27T08:47:24.208Z] <<< [apiv2][body] GET https://firebase.googleapis.com/v1beta1/projects/tours-87214 {"projectId":"tours-87214","projectNumber":"800254898142","displayName":"Tours","name":"projects/tours-87214","resources":{"hostingSite":"tours-87214"},"state":"ACTIVE","etag":"1_7cdcd448-c820-447a-ad23-6b7146cae02b"}
[info] 
[info] Your public directory is the folder (relative to your project directory) that
[info] will contain Hosting assets to be uploaded with firebase deploy. If you
[info] have a build process for your assets, use your build's output directory.
[info] 
[debug] [2025-04-27T08:47:42.107Z] >>> [apiv2][query] GET https://www.gstatic.com/firebasejs/releases.json [none]
[debug] [2025-04-27T08:47:42.205Z] <<< [apiv2][status] GET https://www.gstatic.com/firebasejs/releases.json 200
[debug] [2025-04-27T08:47:42.205Z] <<< [apiv2][body] GET https://www.gstatic.com/firebasejs/releases.json {"current":{"version":"11.6.1","browserURL":"https://www.gstatic.com/firebasejs/11.6.1/firebase.js","packageURL":"https://www.gstatic.com/firebasejs/11.6.1/firebase.tgz"},"live":{"version":"11.6","browserURL":"https://www.gstatic.com/firebasejs/live/11.6/firebase.js","packageURL":"https://www.gstatic.com/firebasejs/live/11.6/firebase.tgz"},"components":{"analytics":"https://www.gstatic.com/firebasejs/11.6.1/firebase-analytics.js","app":"https://www.gstatic.com/firebasejs/11.6.1/firebase-app.js","app-check":"https://www.gstatic.com/firebasejs/11.6.1/firebase-app-check.js","auth":"https://www.gstatic.com/firebasejs/11.6.1/firebase-auth.js","auth/cordova":"https://www.gstatic.com/firebasejs/11.6.1/firebase-auth/cordova.js","auth/web-extension":"https://www.gstatic.com/firebasejs/11.6.1/firebase-auth/web-extension.js","functions":"https://www.gstatic.com/firebasejs/11.6.1/firebase-functions.js","firestore":"https://www.gstatic.com/firebasejs/11.6.1/firebase-firestore.js","firestore/lite":"https://www.gstatic.com/firebasejs/11.6.1/firebase-firestore/lite.js","installations":"https://www.gstatic.com/firebasejs/11.6.1/firebase-installations.js","storage":"https://www.gstatic.com/firebasejs/11.6.1/firebase-storage.js","performance":"https://www.gstatic.com/firebasejs/11.6.1/firebase-performance.js","remote-config":"https://www.gstatic.com/firebasejs/11.6.1/firebase-remote-config.js","messaging":"https://www.gstatic.com/firebasejs/11.6.1/firebase-messaging.js","messaging/sw":"https://www.gstatic.com/firebasejs/11.6.1/firebase-messaging/sw.js","database":"https://www.gstatic.com/firebasejs/11.6.1/firebase-database.js","vertexai":"https://www.gstatic.com/firebasejs/11.6.1/firebase-vertexai.js","data-connect":"https://www.gstatic.com/firebasejs/11.6.1/firebase-data-connect.js","firestore.memory":"https://www.gstatic.com/firebasejs/11.6.1/firebase-firestore.memory.js"}}
[info] +  Wrote build/index.html 
[info] 
[info] i  Detected a .git folder at E:\public 
[info] i  Authorizing with GitHub to upload your service account to a GitHub repository's secrets store. 
[info] 
[info] Visit this URL on this device to log in:
[info] https://github.com/login/oauth/authorize?client_id=89cf50f02ac6aaed3484&state=121414897&redirect_uri=http%3A%2F%2Flocalhost%3A9005&scope=read%3Auser%20repo%20public_repo
[info] 
[info] Waiting for authentication...
